2011-02-24 21:15:43,930 INFO [main] c.o.u.Main [Main.java:25] *******************************************
2011-02-24 21:15:43,936 INFO [main] c.o.u.Main [Main.java:26] OX85 Library 0.1 started.
2011-02-24 21:15:43,936 INFO [main] c.o.u.Main [Main.java:27] JAVA_HOME: /usr/jdk1.6.0_20/jre
2011-02-24 21:15:43,937 INFO [main] c.o.u.Main [Main.java:28] JDK version: 1.6.0_20
2011-02-24 21:15:43,937 INFO [main] c.o.u.Main [Main.java:29] CLASS_PATH: /export/dev/azhang/library/target/library-0.1.0/lib/library-0.1.0.jar:/export/dev/azhang/library/target/library-0.1.0/lib/logback-classic-0.9.27.jar:/export/dev/azhang/library/target/library-0.1.0/lib/binding-2.0.6.jar:/export/dev/azhang/library/target/library-0.1.0/lib/looks-2.3.1.jar:/export/dev/azhang/library/target/library-0.1.0/lib/mysql-connector-java-5.1.12-bin.jar:/export/dev/azhang/library/target/library-0.1.0/lib/forms-1.3.0.jar:/export/dev/azhang/library/target/library-0.1.0/lib/jcommon-1.0.16.jar:/export/dev/azhang/library/target/library-0.1.0/lib/validation-2.1.0.jar:/export/dev/azhang/library/target/library-0.1.0/lib/logback-core-0.9.27.jar:/export/dev/azhang/library/target/library-0.1.0/lib/slf4j-api-1.6.1.jar:/export/dev/azhang/library/target/library-0.1.0/lib/microba-0.4.4.3.jar:/export/dev/azhang/library/target/library-0.1.0/lib/jxl-2.6.12.jar:/export/dev/azhang/library/target/library-0.1.0/lib/mybatis-3.0.3.jar:/export/dev/azhang/library/target/library-0.1.0/lib/jfreechart-1.0.13.jar:/export/dev/azhang/library/target/library-0.1.0/config:
2011-02-24 21:15:43,938 INFO [main] c.o.u.Main [Main.java:30] LIBRARY_PATH: /usr/jdk1.6.0_20/jre/lib/i386/server:/usr/jdk1.6.0_20/jre/lib/i386:/usr/jdk1.6.0_20/jre/../lib/i386:/usr/java/packages/lib/i386:/lib:/usr/lib
2011-02-24 21:15:43,938 INFO [main] c.o.u.Main [Main.java:31] EXT_DIR: /usr/jdk1.6.0_20/jre/lib/ext:/usr/java/packages/lib/ext
2011-02-24 21:15:43,938 INFO [main] c.o.u.Main [Main.java:32] *******************************************
2011-02-24 21:18:33,815 INFO [main] c.o.u.Main [Main.java:25] *******************************************
2011-02-24 21:18:33,821 INFO [main] c.o.u.Main [Main.java:26] OX85 Library 0.1 started.
2011-02-24 21:18:33,822 INFO [main] c.o.u.Main [Main.java:27] JAVA_HOME: /usr/jdk1.6.0_20/jre
2011-02-24 21:18:33,822 INFO [main] c.o.u.Main [Main.java:28] JDK version: 1.6.0_20
2011-02-24 21:18:33,822 INFO [main] c.o.u.Main [Main.java:29] CLASS_PATH: /export/dev/azhang/library/target/library-0.1.0/lib/library-0.1.0.jar:/export/dev/azhang/library/target/library-0.1.0/lib/logback-classic-0.9.27.jar:/export/dev/azhang/library/target/library-0.1.0/lib/binding-2.0.6.jar:/export/dev/azhang/library/target/library-0.1.0/lib/looks-2.3.1.jar:/export/dev/azhang/library/target/library-0.1.0/lib/mysql-connector-java-5.1.12-bin.jar:/export/dev/azhang/library/target/library-0.1.0/lib/forms-1.3.0.jar:/export/dev/azhang/library/target/library-0.1.0/lib/jcommon-1.0.16.jar:/export/dev/azhang/library/target/library-0.1.0/lib/validation-2.1.0.jar:/export/dev/azhang/library/target/library-0.1.0/lib/logback-core-0.9.27.jar:/export/dev/azhang/library/target/library-0.1.0/lib/slf4j-api-1.6.1.jar:/export/dev/azhang/library/target/library-0.1.0/lib/microba-0.4.4.3.jar:/export/dev/azhang/library/target/library-0.1.0/lib/jxl-2.6.12.jar:/export/dev/azhang/library/target/library-0.1.0/lib/mybatis-3.0.3.jar:/export/dev/azhang/library/target/library-0.1.0/lib/jfreechart-1.0.13.jar:/export/dev/azhang/library/target/library-0.1.0/config:
2011-02-24 21:18:33,823 INFO [main] c.o.u.Main [Main.java:30] LIBRARY_PATH: /usr/jdk1.6.0_20/jre/lib/i386/server:/usr/jdk1.6.0_20/jre/lib/i386:/usr/jdk1.6.0_20/jre/../lib/i386:/usr/java/packages/lib/i386:/lib:/usr/lib
2011-02-24 21:18:33,823 INFO [main] c.o.u.Main [Main.java:31] EXT_DIR: /usr/jdk1.6.0_20/jre/lib/ext:/usr/java/packages/lib/ext
2011-02-24 21:18:33,823 INFO [main] c.o.u.Main [Main.java:32] *******************************************
2011-02-24 21:21:33,231 INFO [main] c.o.u.Main [Main.java:25] *******************************************
2011-02-24 21:21:33,237 INFO [main] c.o.u.Main [Main.java:26] OX85 Library 0.1 started.
2011-02-24 21:21:33,238 INFO [main] c.o.u.Main [Main.java:27] JAVA_HOME: /usr/jdk1.6.0_20/jre
2011-02-24 21:21:33,238 INFO [main] c.o.u.Main [Main.java:28] JDK version: 1.6.0_20
2011-02-24 21:21:33,238 INFO [main] c.o.u.Main [Main.java:29] CLASS_PATH: /export/dev/azhang/library/target/library-0.1.0/lib/library-0.1.0.jar:/export/dev/azhang/library/target/library-0.1.0/lib/logback-classic-0.9.27.jar:/export/dev/azhang/library/target/library-0.1.0/lib/binding-2.0.6.jar:/export/dev/azhang/library/target/library-0.1.0/lib/looks-2.3.1.jar:/export/dev/azhang/library/target/library-0.1.0/lib/mysql-connector-java-5.1.12-bin.jar:/export/dev/azhang/library/target/library-0.1.0/lib/forms-1.3.0.jar:/export/dev/azhang/library/target/library-0.1.0/lib/jcommon-1.0.16.jar:/export/dev/azhang/library/target/library-0.1.0/lib/validation-2.1.0.jar:/export/dev/azhang/library/target/library-0.1.0/lib/logback-core-0.9.27.jar:/export/dev/azhang/library/target/library-0.1.0/lib/slf4j-api-1.6.1.jar:/export/dev/azhang/library/target/library-0.1.0/lib/microba-0.4.4.3.jar:/export/dev/azhang/library/target/library-0.1.0/lib/jxl-2.6.12.jar:/export/dev/azhang/library/target/library-0.1.0/lib/mybatis-3.0.3.jar:/export/dev/azhang/library/target/library-0.1.0/lib/jfreechart-1.0.13.jar:/export/dev/azhang/library/target/library-0.1.0/config:
2011-02-24 21:21:33,238 INFO [main] c.o.u.Main [Main.java:30] LIBRARY_PATH: /usr/jdk1.6.0_20/jre/lib/i386/server:/usr/jdk1.6.0_20/jre/lib/i386:/usr/jdk1.6.0_20/jre/../lib/i386:/usr/java/packages/lib/i386:/lib:/usr/lib
2011-02-24 21:21:33,239 INFO [main] c.o.u.Main [Main.java:31] EXT_DIR: /usr/jdk1.6.0_20/jre/lib/ext:/usr/java/packages/lib/ext
2011-02-24 21:21:33,239 INFO [main] c.o.u.Main [Main.java:32] *******************************************
2011-02-24 21:27:10,858 INFO [main] c.o.u.Main [Main.java:25] *******************************************
2011-02-24 21:27:10,864 INFO [main] c.o.u.Main [Main.java:26] OX85 Library 0.1 started.
2011-02-24 21:27:10,865 INFO [main] c.o.u.Main [Main.java:27] JAVA_HOME: /usr/jdk1.6.0_20/jre
2011-02-24 21:27:10,865 INFO [main] c.o.u.Main [Main.java:28] JDK version: 1.6.0_20
2011-02-24 21:27:10,866 INFO [main] c.o.u.Main [Main.java:29] CLASS_PATH: /export/dev/azhang/library/target/library-0.1.0/lib/library-0.1.0.jar:/export/dev/azhang/library/target/library-0.1.0/lib/logback-classic-0.9.27.jar:/export/dev/azhang/library/target/library-0.1.0/lib/binding-2.0.6.jar:/export/dev/azhang/library/target/library-0.1.0/lib/looks-2.3.1.jar:/export/dev/azhang/library/target/library-0.1.0/lib/mysql-connector-java-5.1.12-bin.jar:/export/dev/azhang/library/target/library-0.1.0/lib/forms-1.3.0.jar:/export/dev/azhang/library/target/library-0.1.0/lib/jcommon-1.0.16.jar:/export/dev/azhang/library/target/library-0.1.0/lib/validation-2.1.0.jar:/export/dev/azhang/library/target/library-0.1.0/lib/logback-core-0.9.27.jar:/export/dev/azhang/library/target/library-0.1.0/lib/slf4j-api-1.6.1.jar:/export/dev/azhang/library/target/library-0.1.0/lib/microba-0.4.4.3.jar:/export/dev/azhang/library/target/library-0.1.0/lib/jxl-2.6.12.jar:/export/dev/azhang/library/target/library-0.1.0/lib/mybatis-3.0.3.jar:/export/dev/azhang/library/target/library-0.1.0/lib/jfreechart-1.0.13.jar:/export/dev/azhang/library/target/library-0.1.0/config::/usr/jdk1.6.0_20/lib
2011-02-24 21:27:10,866 INFO [main] c.o.u.Main [Main.java:30] LIBRARY_PATH: /usr/jdk1.6.0_20/jre/lib/i386/server:/usr/jdk1.6.0_20/jre/lib/i386:/usr/jdk1.6.0_20/jre/../lib/i386:/usr/java/packages/lib/i386:/lib:/usr/lib
2011-02-24 21:27:10,866 INFO [main] c.o.u.Main [Main.java:31] EXT_DIR: /usr/jdk1.6.0_20/jre/lib/ext:/usr/java/packages/lib/ext
2011-02-24 21:27:10,866 INFO [main] c.o.u.Main [Main.java:32] *******************************************
2011-02-24 21:35:23,961 INFO [main] c.o.u.Main [Main.java:25] *******************************************
2011-02-24 21:35:23,966 INFO [main] c.o.u.Main [Main.java:26] OX85 Library 0.1 started.
2011-02-24 21:35:23,966 INFO [main] c.o.u.Main [Main.java:27] JAVA_HOME: /usr/jdk1.6.0_20/jre
2011-02-24 21:35:23,967 INFO [main] c.o.u.Main [Main.java:28] JDK version: 1.6.0_20
2011-02-24 21:35:23,967 INFO [main] c.o.u.Main [Main.java:29] CLASS_PATH: /export/dev/azhang/library/target/library-0.1.0/lib/library-0.1.0.jar:/export/dev/azhang/library/target/library-0.1.0/lib/logback-classic-0.9.27.jar:/export/dev/azhang/library/target/library-0.1.0/lib/binding-2.0.6.jar:/export/dev/azhang/library/target/library-0.1.0/lib/looks-2.3.1.jar:/export/dev/azhang/library/target/library-0.1.0/lib/mysql-connector-java-5.1.12-bin.jar:/export/dev/azhang/library/target/library-0.1.0/lib/forms-1.3.0.jar:/export/dev/azhang/library/target/library-0.1.0/lib/jcommon-1.0.16.jar:/export/dev/azhang/library/target/library-0.1.0/lib/validation-2.1.0.jar:/export/dev/azhang/library/target/library-0.1.0/lib/logback-core-0.9.27.jar:/export/dev/azhang/library/target/library-0.1.0/lib/slf4j-api-1.6.1.jar:/export/dev/azhang/library/target/library-0.1.0/lib/microba-0.4.4.3.jar:/export/dev/azhang/library/target/library-0.1.0/lib/jxl-2.6.12.jar:/export/dev/azhang/library/target/library-0.1.0/lib/mybatis-3.0.3.jar:/export/dev/azhang/library/target/library-0.1.0/lib/jfreechart-1.0.13.jar:/export/dev/azhang/library/target/library-0.1.0/config::/usr/jdk1.6.0_20/lib
2011-02-24 21:35:23,967 INFO [main] c.o.u.Main [Main.java:30] LIBRARY_PATH: /usr/jdk1.6.0_20/jre/lib/i386/server:/usr/jdk1.6.0_20/jre/lib/i386:/usr/jdk1.6.0_20/jre/../lib/i386:/usr/java/packages/lib/i386:/lib:/usr/lib
2011-02-24 21:35:23,967 INFO [main] c.o.u.Main [Main.java:31] EXT_DIR: /usr/jdk1.6.0_20/jre/lib/ext:/usr/java/packages/lib/ext
2011-02-24 21:35:23,968 INFO [main] c.o.u.Main [Main.java:32] *******************************************
2011-02-24 21:38:47,152 INFO [main] c.o.u.Main [Main.java:25] *******************************************
2011-02-24 21:38:47,159 INFO [main] c.o.u.Main [Main.java:26] OX85 Library 0.1 started.
2011-02-24 21:38:47,159 INFO [main] c.o.u.Main [Main.java:27] JAVA_HOME: /usr/jdk1.6.0_20/jre
2011-02-24 21:38:47,159 INFO [main] c.o.u.Main [Main.java:28] JDK version: 1.6.0_20
2011-02-24 21:38:47,160 INFO [main] c.o.u.Main [Main.java:29] CLASS_PATH: /export/dev/azhang/library/target/library-0.1.0/lib/library-0.1.0.jar:/export/dev/azhang/library/target/library-0.1.0/lib/logback-classic-0.9.27.jar:/export/dev/azhang/library/target/library-0.1.0/lib/binding-2.0.6.jar:/export/dev/azhang/library/target/library-0.1.0/lib/looks-2.3.1.jar:/export/dev/azhang/library/target/library-0.1.0/lib/mysql-connector-java-5.1.12-bin.jar:/export/dev/azhang/library/target/library-0.1.0/lib/forms-1.3.0.jar:/export/dev/azhang/library/target/library-0.1.0/lib/jcommon-1.0.16.jar:/export/dev/azhang/library/target/library-0.1.0/lib/validation-2.1.0.jar:/export/dev/azhang/library/target/library-0.1.0/lib/logback-core-0.9.27.jar:/export/dev/azhang/library/target/library-0.1.0/lib/slf4j-api-1.6.1.jar:/export/dev/azhang/library/target/library-0.1.0/lib/microba-0.4.4.3.jar:/export/dev/azhang/library/target/library-0.1.0/lib/jxl-2.6.12.jar:/export/dev/azhang/library/target/library-0.1.0/lib/mybatis-3.0.3.jar:/export/dev/azhang/library/target/library-0.1.0/lib/jfreechart-1.0.13.jar:/export/dev/azhang/library/target/library-0.1.0/config::/usr/jdk1.6.0_20/lib
2011-02-24 21:38:47,160 INFO [main] c.o.u.Main [Main.java:30] LIBRARY_PATH: /usr/jdk1.6.0_20/jre/lib/i386/server:/usr/jdk1.6.0_20/jre/lib/i386:/usr/jdk1.6.0_20/jre/../lib/i386:/usr/java/packages/lib/i386:/lib:/usr/lib
2011-02-24 21:38:47,160 INFO [main] c.o.u.Main [Main.java:31] EXT_DIR: /usr/jdk1.6.0_20/jre/lib/ext:/usr/java/packages/lib/ext
2011-02-24 21:38:47,161 INFO [main] c.o.u.Main [Main.java:32] *******************************************
2011-02-24 21:42:11,439 INFO [main] c.o.u.Main [Main.java:25] *******************************************
2011-02-24 21:42:11,445 INFO [main] c.o.u.Main [Main.java:26] OX85 Library 0.1 started.
2011-02-24 21:42:11,446 INFO [main] c.o.u.Main [Main.java:27] JAVA_HOME: /usr/jdk1.6.0_20/jre
2011-02-24 21:42:11,446 INFO [main] c.o.u.Main [Main.java:28] JDK version: 1.6.0_20
2011-02-24 21:42:11,446 INFO [main] c.o.u.Main [Main.java:29] CLASS_PATH: /export/dev/azhang/library/target/library-0.1.0/lib/library-0.1.0.jar:/export/dev/azhang/library/target/library-0.1.0/lib/logback-classic-0.9.27.jar:/export/dev/azhang/library/target/library-0.1.0/lib/binding-2.0.6.jar:/export/dev/azhang/library/target/library-0.1.0/lib/looks-2.3.1.jar:/export/dev/azhang/library/target/library-0.1.0/lib/mysql-connector-java-5.1.12-bin.jar:/export/dev/azhang/library/target/library-0.1.0/lib/forms-1.3.0.jar:/export/dev/azhang/library/target/library-0.1.0/lib/jcommon-1.0.16.jar:/export/dev/azhang/library/target/library-0.1.0/lib/validation-2.1.0.jar:/export/dev/azhang/library/target/library-0.1.0/lib/logback-core-0.9.27.jar:/export/dev/azhang/library/target/library-0.1.0/lib/slf4j-api-1.6.1.jar:/export/dev/azhang/library/target/library-0.1.0/lib/microba-0.4.4.3.jar:/export/dev/azhang/library/target/library-0.1.0/lib/jxl-2.6.12.jar:/export/dev/azhang/library/target/library-0.1.0/lib/mybatis-3.0.3.jar:/export/dev/azhang/library/target/library-0.1.0/lib/jfreechart-1.0.13.jar:/export/dev/azhang/library/target/library-0.1.0/config::/usr/jdk1.6.0_20/lib
2011-02-24 21:42:11,447 INFO [main] c.o.u.Main [Main.java:30] LIBRARY_PATH: /usr/jdk1.6.0_20/jre/lib/i386/server:/usr/jdk1.6.0_20/jre/lib/i386:/usr/jdk1.6.0_20/jre/../lib/i386:/usr/java/packages/lib/i386:/lib:/usr/lib
2011-02-24 21:42:11,447 INFO [main] c.o.u.Main [Main.java:31] EXT_DIR: /usr/jdk1.6.0_20/jre/lib/ext:/usr/java/packages/lib/ext
2011-02-24 21:42:11,447 INFO [main] c.o.u.Main [Main.java:32] *******************************************
2011-02-24 21:42:59,649 INFO [main] c.o.u.Main [Main.java:25] *******************************************
2011-02-24 21:42:59,654 INFO [main] c.o.u.Main [Main.java:26] OX85 Library 0.1 started.
2011-02-24 21:42:59,655 INFO [main] c.o.u.Main [Main.java:27] JAVA_HOME: /usr/jdk1.6.0_20/jre
2011-02-24 21:42:59,655 INFO [main] c.o.u.Main [Main.java:28] JDK version: 1.6.0_20
2011-02-24 21:42:59,655 INFO [main] c.o.u.Main [Main.java:29] CLASS_PATH: /export/dev/azhang/library/target/library-0.1.0/lib/library-0.1.0.jar:/export/dev/azhang/library/target/library-0.1.0/lib/logback-classic-0.9.27.jar:/export/dev/azhang/library/target/library-0.1.0/lib/binding-2.0.6.jar:/export/dev/azhang/library/target/library-0.1.0/lib/looks-2.3.1.jar:/export/dev/azhang/library/target/library-0.1.0/lib/mysql-connector-java-5.1.12-bin.jar:/export/dev/azhang/library/target/library-0.1.0/lib/forms-1.3.0.jar:/export/dev/azhang/library/target/library-0.1.0/lib/jcommon-1.0.16.jar:/export/dev/azhang/library/target/library-0.1.0/lib/validation-2.1.0.jar:/export/dev/azhang/library/target/library-0.1.0/lib/logback-core-0.9.27.jar:/export/dev/azhang/library/target/library-0.1.0/lib/slf4j-api-1.6.1.jar:/export/dev/azhang/library/target/library-0.1.0/lib/microba-0.4.4.3.jar:/export/dev/azhang/library/target/library-0.1.0/lib/jxl-2.6.12.jar:/export/dev/azhang/library/target/library-0.1.0/lib/mybatis-3.0.3.jar:/export/dev/azhang/library/target/library-0.1.0/lib/jfreechart-1.0.13.jar:/export/dev/azhang/library/target/library-0.1.0/config::/usr/jdk1.6.0_20/lib
2011-02-24 21:42:59,656 INFO [main] c.o.u.Main [Main.java:30] LIBRARY_PATH: /usr/jdk1.6.0_20/jre/lib/i386/server:/usr/jdk1.6.0_20/jre/lib/i386:/usr/jdk1.6.0_20/jre/../lib/i386:/usr/java/packages/lib/i386:/lib:/usr/lib
2011-02-24 21:42:59,656 INFO [main] c.o.u.Main [Main.java:31] EXT_DIR: /usr/jdk1.6.0_20/jre/lib/ext:/usr/java/packages/lib/ext
2011-02-24 21:42:59,656 INFO [main] c.o.u.Main [Main.java:32] *******************************************
2011-02-24 21:46:48,706 INFO [main] c.o.u.Main [Main.java:25] *******************************************
2011-02-24 21:46:48,712 INFO [main] c.o.u.Main [Main.java:26] OX85 Library 0.1 started.
2011-02-24 21:46:48,712 INFO [main] c.o.u.Main [Main.java:27] JAVA_HOME: /usr/jdk1.6.0_20/jre
2011-02-24 21:46:48,712 INFO [main] c.o.u.Main [Main.java:28] JDK version: 1.6.0_20
2011-02-24 21:46:48,712 INFO [main] c.o.u.Main [Main.java:29] CLASS_PATH: /export/dev/azhang/library/target/library-0.1.0/lib/library-0.1.0.jar:/export/dev/azhang/library/target/library-0.1.0/lib/logback-classic-0.9.27.jar:/export/dev/azhang/library/target/library-0.1.0/lib/binding-2.0.6.jar:/export/dev/azhang/library/target/library-0.1.0/lib/looks-2.3.1.jar:/export/dev/azhang/library/target/library-0.1.0/lib/mysql-connector-java-5.1.12-bin.jar:/export/dev/azhang/library/target/library-0.1.0/lib/forms-1.3.0.jar:/export/dev/azhang/library/target/library-0.1.0/lib/jcommon-1.0.16.jar:/export/dev/azhang/library/target/library-0.1.0/lib/validation-2.1.0.jar:/export/dev/azhang/library/target/library-0.1.0/lib/logback-core-0.9.27.jar:/export/dev/azhang/library/target/library-0.1.0/lib/slf4j-api-1.6.1.jar:/export/dev/azhang/library/target/library-0.1.0/lib/microba-0.4.4.3.jar:/export/dev/azhang/library/target/library-0.1.0/lib/jxl-2.6.12.jar:/export/dev/azhang/library/target/library-0.1.0/lib/mybatis-3.0.3.jar:/export/dev/azhang/library/target/library-0.1.0/lib/jfreechart-1.0.13.jar:/export/dev/azhang/library/target/library-0.1.0/config::/usr/jdk1.6.0_20/lib
2011-02-24 21:46:48,713 INFO [main] c.o.u.Main [Main.java:30] LIBRARY_PATH: /usr/jdk1.6.0_20/jre/lib/i386/server:/usr/jdk1.6.0_20/jre/lib/i386:/usr/jdk1.6.0_20/jre/../lib/i386:/usr/java/packages/lib/i386:/lib:/usr/lib
2011-02-24 21:46:48,713 INFO [main] c.o.u.Main [Main.java:31] EXT_DIR: /usr/jdk1.6.0_20/jre/lib/ext:/usr/java/packages/lib/ext
2011-02-24 21:46:48,713 INFO [main] c.o.u.Main [Main.java:32] *******************************************
2011-02-24 21:48:04,372 INFO [main] c.o.u.Main [Main.java:25] *******************************************
2011-02-24 21:48:04,378 INFO [main] c.o.u.Main [Main.java:26] OX85 Library 0.1 started.
2011-02-24 21:48:04,378 INFO [main] c.o.u.Main [Main.java:27] JAVA_HOME: /usr/jdk1.6.0_20/jre
2011-02-24 21:48:04,379 INFO [main] c.o.u.Main [Main.java:28] JDK version: 1.6.0_20
2011-02-24 21:48:04,379 INFO [main] c.o.u.Main [Main.java:29] CLASS_PATH: /export/dev/azhang/library/target/library-0.1.0/lib/library-0.1.0.jar:/export/dev/azhang/library/target/library-0.1.0/lib/logback-classic-0.9.27.jar:/export/dev/azhang/library/target/library-0.1.0/lib/binding-2.0.6.jar:/export/dev/azhang/library/target/library-0.1.0/lib/looks-2.3.1.jar:/export/dev/azhang/library/target/library-0.1.0/lib/mysql-connector-java-5.1.12-bin.jar:/export/dev/azhang/library/target/library-0.1.0/lib/forms-1.3.0.jar:/export/dev/azhang/library/target/library-0.1.0/lib/jcommon-1.0.16.jar:/export/dev/azhang/library/target/library-0.1.0/lib/validation-2.1.0.jar:/export/dev/azhang/library/target/library-0.1.0/lib/logback-core-0.9.27.jar:/export/dev/azhang/library/target/library-0.1.0/lib/slf4j-api-1.6.1.jar:/export/dev/azhang/library/target/library-0.1.0/lib/microba-0.4.4.3.jar:/export/dev/azhang/library/target/library-0.1.0/lib/jxl-2.6.12.jar:/export/dev/azhang/library/target/library-0.1.0/lib/mybatis-3.0.3.jar:/export/dev/azhang/library/target/library-0.1.0/lib/jfreechart-1.0.13.jar:/export/dev/azhang/library/target/library-0.1.0/config::/usr/jdk1.6.0_20/lib
2011-02-24 21:48:04,379 INFO [main] c.o.u.Main [Main.java:30] LIBRARY_PATH: /usr/jdk1.6.0_20/jre/lib/i386/server:/usr/jdk1.6.0_20/jre/lib/i386:/usr/jdk1.6.0_20/jre/../lib/i386:/usr/java/packages/lib/i386:/lib:/usr/lib
2011-02-24 21:48:04,380 INFO [main] c.o.u.Main [Main.java:31] EXT_DIR: /usr/jdk1.6.0_20/jre/lib/ext:/usr/java/packages/lib/ext
2011-02-24 21:48:04,380 INFO [main] c.o.u.Main [Main.java:32] *******************************************
2011-02-24 21:49:00,026 INFO [main] c.o.u.Main [Main.java:25] *******************************************
2011-02-24 21:49:00,032 INFO [main] c.o.u.Main [Main.java:26] OX85 Library 0.1 started.
2011-02-24 21:49:00,032 INFO [main] c.o.u.Main [Main.java:27] JAVA_HOME: /usr/jdk1.6.0_20/jre
2011-02-24 21:49:00,032 INFO [main] c.o.u.Main [Main.java:28] JDK version: 1.6.0_20
2011-02-24 21:49:00,033 INFO [main] c.o.u.Main [Main.java:29] CLASS_PATH: /export/dev/azhang/library/target/library-0.1.0/lib/library-0.1.0.jar:/export/dev/azhang/library/target/library-0.1.0/lib/logback-classic-0.9.27.jar:/export/dev/azhang/library/target/library-0.1.0/lib/binding-2.0.6.jar:/export/dev/azhang/library/target/library-0.1.0/lib/looks-2.3.1.jar:/export/dev/azhang/library/target/library-0.1.0/lib/mysql-connector-java-5.1.12-bin.jar:/export/dev/azhang/library/target/library-0.1.0/lib/forms-1.3.0.jar:/export/dev/azhang/library/target/library-0.1.0/lib/jcommon-1.0.16.jar:/export/dev/azhang/library/target/library-0.1.0/lib/validation-2.1.0.jar:/export/dev/azhang/library/target/library-0.1.0/lib/logback-core-0.9.27.jar:/export/dev/azhang/library/target/library-0.1.0/lib/slf4j-api-1.6.1.jar:/export/dev/azhang/library/target/library-0.1.0/lib/microba-0.4.4.3.jar:/export/dev/azhang/library/target/library-0.1.0/lib/jxl-2.6.12.jar:/export/dev/azhang/library/target/library-0.1.0/lib/mybatis-3.0.3.jar:/export/dev/azhang/library/target/library-0.1.0/lib/jfreechart-1.0.13.jar:/export/dev/azhang/library/target/library-0.1.0/config::/usr/jdk1.6.0_20/lib
2011-02-24 21:49:00,033 INFO [main] c.o.u.Main [Main.java:30] LIBRARY_PATH: /usr/jdk1.6.0_20/jre/lib/i386/server:/usr/jdk1.6.0_20/jre/lib/i386:/usr/jdk1.6.0_20/jre/../lib/i386:/usr/java/packages/lib/i386:/lib:/usr/lib
2011-02-24 21:49:00,033 INFO [main] c.o.u.Main [Main.java:31] EXT_DIR: /usr/jdk1.6.0_20/jre/lib/ext:/usr/java/packages/lib/ext
2011-02-24 21:49:00,034 INFO [main] c.o.u.Main [Main.java:32] *******************************************
2011-02-24 22:04:19,275 INFO [main] c.o.u.Main [Main.java:25] *******************************************
2011-02-24 22:04:19,281 INFO [main] c.o.u.Main [Main.java:26] OX85 Library 0.1 started.
2011-02-24 22:04:19,282 INFO [main] c.o.u.Main [Main.java:27] JAVA_HOME: /usr/jdk1.6.0_20/jre
2011-02-24 22:04:19,282 INFO [main] c.o.u.Main [Main.java:28] JDK version: 1.6.0_20
2011-02-24 22:04:19,282 INFO [main] c.o.u.Main [Main.java:29] CLASS_PATH: /export/dev/azhang/library/target/library-0.1.0/lib/library-0.1.0.jar:/export/dev/azhang/library/target/library-0.1.0/lib/logback-classic-0.9.27.jar:/export/dev/azhang/library/target/library-0.1.0/lib/binding-2.0.6.jar:/export/dev/azhang/library/target/library-0.1.0/lib/looks-2.3.1.jar:/export/dev/azhang/library/target/library-0.1.0/lib/mysql-connector-java-5.1.12-bin.jar:/export/dev/azhang/library/target/library-0.1.0/lib/forms-1.3.0.jar:/export/dev/azhang/library/target/library-0.1.0/lib/jcommon-1.0.16.jar:/export/dev/azhang/library/target/library-0.1.0/lib/validation-2.1.0.jar:/export/dev/azhang/library/target/library-0.1.0/lib/logback-core-0.9.27.jar:/export/dev/azhang/library/target/library-0.1.0/lib/slf4j-api-1.6.1.jar:/export/dev/azhang/library/target/library-0.1.0/lib/microba-0.4.4.3.jar:/export/dev/azhang/library/target/library-0.1.0/lib/jxl-2.6.12.jar:/export/dev/azhang/library/target/library-0.1.0/lib/mybatis-3.0.3.jar:/export/dev/azhang/library/target/library-0.1.0/lib/jfreechart-1.0.13.jar:/export/dev/azhang/library/target/library-0.1.0/config::/usr/jdk1.6.0_20/lib
2011-02-24 22:04:19,283 INFO [main] c.o.u.Main [Main.java:30] LIBRARY_PATH: /usr/jdk1.6.0_20/jre/lib/i386/server:/usr/jdk1.6.0_20/jre/lib/i386:/usr/jdk1.6.0_20/jre/../lib/i386:/usr/java/packages/lib/i386:/lib:/usr/lib
2011-02-24 22:04:19,283 INFO [main] c.o.u.Main [Main.java:31] EXT_DIR: /usr/jdk1.6.0_20/jre/lib/ext:/usr/java/packages/lib/ext
2011-02-24 22:04:19,283 INFO [main] c.o.u.Main [Main.java:32] *******************************************
2011-02-24 22:38:20,314 INFO [main] c.o.u.Main [Main.java:25] *******************************************
2011-02-24 22:38:20,320 INFO [main] c.o.u.Main [Main.java:26] OX85 Library 0.1 started.
2011-02-24 22:38:20,320 INFO [main] c.o.u.Main [Main.java:27] JAVA_HOME: /usr/jdk1.6.0_20/jre
2011-02-24 22:38:20,320 INFO [main] c.o.u.Main [Main.java:28] JDK version: 1.6.0_20
2011-02-24 22:38:20,320 INFO [main] c.o.u.Main [Main.java:29] CLASS_PATH: /export/dev/azhang/library/target/library-0.1.0/lib/library-0.1.0.jar:/export/dev/azhang/library/target/library-0.1.0/lib/logback-classic-0.9.27.jar:/export/dev/azhang/library/target/library-0.1.0/lib/binding-2.0.6.jar:/export/dev/azhang/library/target/library-0.1.0/lib/looks-2.3.1.jar:/export/dev/azhang/library/target/library-0.1.0/lib/mysql-connector-java-5.1.12-bin.jar:/export/dev/azhang/library/target/library-0.1.0/lib/forms-1.3.0.jar:/export/dev/azhang/library/target/library-0.1.0/lib/jcommon-1.0.16.jar:/export/dev/azhang/library/target/library-0.1.0/lib/validation-2.1.0.jar:/export/dev/azhang/library/target/library-0.1.0/lib/logback-core-0.9.27.jar:/export/dev/azhang/library/target/library-0.1.0/lib/slf4j-api-1.6.1.jar:/export/dev/azhang/library/target/library-0.1.0/lib/microba-0.4.4.3.jar:/export/dev/azhang/library/target/library-0.1.0/lib/jxl-2.6.12.jar:/export/dev/azhang/library/target/library-0.1.0/lib/mybatis-3.0.3.jar:/export/dev/azhang/library/target/library-0.1.0/lib/jfreechart-1.0.13.jar:/export/dev/azhang/library/target/library-0.1.0/config::/usr/jdk1.6.0_20/lib
2011-02-24 22:38:20,321 INFO [main] c.o.u.Main [Main.java:30] LIBRARY_PATH: /usr/jdk1.6.0_20/jre/lib/i386/server:/usr/jdk1.6.0_20/jre/lib/i386:/usr/jdk1.6.0_20/jre/../lib/i386:/usr/java/packages/lib/i386:/lib:/usr/lib
2011-02-24 22:38:20,321 INFO [main] c.o.u.Main [Main.java:31] EXT_DIR: /usr/jdk1.6.0_20/jre/lib/ext:/usr/java/packages/lib/ext
2011-02-24 22:38:20,321 INFO [main] c.o.u.Main [Main.java:32] *******************************************
2011-02-24 22:39:05,329 WARN [AWT-EventQueue-0] c.o.u.c.u.UserManageDialog [UserManageDialog.java:103] The super administrator "admin" is not allowed to be deleted.
